12:34:01.092 [main] TRACE io.netty.channel.nio.NioEventLoop - instrumented a special java.util.Set into: sun.nio.ch.WindowsSelectorImpl@62dae540
12:34:01.098 [main] TRACE io.netty.channel.nio.NioEventLoop - instrumented a special java.util.Set into: sun.nio.ch.WindowsSelectorImpl@239b0f9d
12:34:01.098 [main] TRACE io.netty.channel.nio.NioEventLoop - instrumented a special java.util.Set into: sun.nio.ch.WindowsSelectorImpl@619bfe29
12:34:01.099 [main] TRACE io.netty.channel.nio.NioEventLoop - instrumented a special java.util.Set into: sun.nio.ch.WindowsSelectorImpl@5b057c8c
12:34:01.100 [main] TRACE io.netty.channel.nio.NioEventLoop - instrumented a special java.util.Set into: sun.nio.ch.WindowsSelectorImpl@1eb6749b
12:34:01.103 [main] TRACE io.netty.channel.nio.NioEventLoop - instrumented a special java.util.Set into: sun.nio.ch.WindowsSelectorImpl@652a7737
12:34:01.104 [main] TRACE io.netty.channel.nio.NioEventLoop - instrumented a special java.util.Set into: sun.nio.ch.WindowsSelectorImpl@5b7ea70d
12:34:01.105 [main] TRACE io.netty.channel.nio.NioEventLoop - instrumented a special java.util.Set into: sun.nio.ch.WindowsSelectorImpl@2bef51f2
12:34:01.105 [main] TRACE io.netty.channel.nio.NioEventLoop - instrumented a special java.util.Set into: sun.nio.ch.WindowsSelectorImpl@650eab8
12:34:01.126 [main] DEBUG io.netty.buffer.PooledByteBufAllocator - -Dio.netty.allocator.numHeapArenas: 16
12:34:01.126 [main] DEBUG io.netty.buffer.PooledByteBufAllocator - -Dio.netty.allocator.numDirectArenas: 16
12:34:01.126 [main] DEBUG io.netty.buffer.PooledByteBufAllocator - -Dio.netty.allocator.pageSize: 8192
12:34:01.126 [main] DEBUG io.netty.buffer.PooledByteBufAllocator - -Dio.netty.allocator.maxOrder: 11
12:34:01.126 [main] DEBUG io.netty.buffer.PooledByteBufAllocator - -Dio.netty.allocator.chunkSize: 16777216
12:34:01.126 [main] DEBUG io.netty.buffer.PooledByteBufAllocator - -Dio.netty.allocator.smallCacheSize: 256
12:34:01.126 [main] DEBUG io.netty.buffer.PooledByteBufAllocator - -Dio.netty.allocator.normalCacheSize: 64
12:34:01.126 [main] DEBUG io.netty.buffer.PooledByteBufAllocator - -Dio.netty.allocator.maxCachedBufferCapacity: 32768
12:34:01.126 [main] DEBUG io.netty.buffer.PooledByteBufAllocator - -Dio.netty.allocator.cacheTrimInterval: 8192
12:34:01.126 [main] DEBUG io.netty.buffer.PooledByteBufAllocator - -Dio.netty.allocator.cacheTrimIntervalMillis: 0
12:34:01.127 [main] DEBUG io.netty.buffer.PooledByteBufAllocator - -Dio.netty.allocator.useCacheForAllThreads: true
12:34:01.127 [main] DEBUG io.netty.buffer.PooledByteBufAllocator - -Dio.netty.allocator.maxCachedByteBuffersPerChunk: 1023
12:34:01.137 [main] DEBUG io.netty.buffer.ByteBufUtil - -Dio.netty.allocator.type: pooled
12:34:01.137 [main] DEBUG io.netty.buffer.ByteBufUtil - -Dio.netty.threadLocalDirectBufferSize: 0
12:34:01.137 [main] DEBUG io.netty.buffer.ByteBufUtil - -Dio.netty.maxThreadLocalCharBufferSize: 16384
12:34:01.896 [Forwarding newSession on session null to remote] DEBUG io.netty.channel.DefaultChannelId - -Dio.netty.processId: 15880 (auto-detected)
12:34:01.898 [Forwarding newSession on session null to remote] DEBUG io.netty.util.NetUtil - -Djava.net.preferIPv4Stack: false
12:34:01.898 [Forwarding newSession on session null to remote] DEBUG io.netty.util.NetUtil - -Djava.net.preferIPv6Addresses: false
12:34:02.214 [Forwarding newSession on session null to remote] DEBUG io.netty.util.NetUtilInitializations - Loopback interface: lo (Software Loopback Interface 1, 127.0.0.1)
12:34:02.215 [Forwarding newSession on session null to remote] DEBUG io.netty.util.NetUtil - Failed to get SOMAXCONN from sysctl and file \proc\sys\net\core\somaxconn. Default: 200
12:34:02.550 [Forwarding newSession on session null to remote] DEBUG io.netty.channel.DefaultChannelId - -Dio.netty.machineId: 90:61:ae:ff:fe:a4:91:29 (auto-detected)
12:34:02.601 [AsyncHttpClient-1-2] DEBUG io.netty.buffer.AbstractByteBuf - -Dio.netty.buffer.checkAccessible: true
12:34:02.601 [AsyncHttpClient-1-2] DEBUG io.netty.buffer.AbstractByteBuf - -Dio.netty.buffer.checkBounds: true
12:34:02.601 [AsyncHttpClient-1-2] DEBUG io.netty.util.ResourceLeakDetectorFactory - Loaded default ResourceLeakDetector: io.netty.util.ResourceLeakDetector@1ea0f1d8
12:34:02.627 [AsyncHttpClient-1-2] DEBUG io.netty.util.Recycler - -Dio.netty.recycler.maxCapacityPerThread: 4096
12:34:02.627 [AsyncHttpClient-1-2] DEBUG io.netty.util.Recycler - -Dio.netty.recycler.maxSharedCapacityFactor: 2
12:34:02.627 [AsyncHttpClient-1-2] DEBUG io.netty.util.Recycler - -Dio.netty.recycler.linkCapacity: 16
12:34:02.627 [AsyncHttpClient-1-2] DEBUG io.netty.util.Recycler - -Dio.netty.recycler.ratio: 8
12:34:02.627 [AsyncHttpClient-1-2] DEBUG io.netty.util.Recycler - -Dio.netty.recycler.delayedQueue.ratio: 8
12:34:05.695 [main] INFO  testCases.TC_001_AccountRegistration - Launched Firefox Browser
12:34:05.727 [main] INFO  testCases.TC_001_AccountRegistration - Starting TC_001_AccountRegistration
12:34:07.316 [main] INFO  testCases.TC_001_AccountRegistration -  Home Page Displayed
12:34:09.875 [main] INFO  testCases.TC_001_AccountRegistration - Clicked on My account
12:34:10.992 [main] INFO  testCases.TC_001_AccountRegistration - Clicked on Register 
12:34:11.035 [main] INFO  testCases.TC_001_AccountRegistration - Provided First Name 
12:34:11.056 [main] INFO  testCases.TC_001_AccountRegistration - Provided Last Name
12:34:11.078 [main] INFO  testCases.TC_001_AccountRegistration - Provided email
12:34:11.097 [main] INFO  testCases.TC_001_AccountRegistration - Provided Password 
12:34:11.331 [main] INFO  testCases.TC_001_AccountRegistration -  Clicked on Subscribe
12:34:11.580 [main] INFO  testCases.TC_001_AccountRegistration - Clicked on Privacy 
12:34:12.231 [main] INFO  testCases.TC_001_AccountRegistration - Clicked on Continue
12:34:12.232 [main] INFO  testCases.TC_001_AccountRegistration - Finished TC_001_AccountRegistration
12:34:14.537 [main] DEBUG io.netty.util.internal.ThreadLocalRandom - -Dio.netty.initialSeedUniquifier: 0xfeb70118918c621c
12:34:14.619 [main] INFO  testCases.TC_001_AccountRegistration - Launched Chrome Browser
12:34:14.627 [main] INFO  testCases.TC_001_AccountRegistration - Starting TC_001_AccountRegistration
12:34:15.555 [main] INFO  testCases.TC_001_AccountRegistration -  Home Page Displayed
12:34:17.751 [main] INFO  testCases.TC_001_AccountRegistration - Clicked on My account
12:34:18.199 [main] INFO  testCases.TC_001_AccountRegistration - Clicked on Register 
12:34:18.296 [main] INFO  testCases.TC_001_AccountRegistration - Provided First Name 
12:34:18.386 [main] INFO  testCases.TC_001_AccountRegistration - Provided Last Name
12:34:18.469 [main] INFO  testCases.TC_001_AccountRegistration - Provided email
12:34:18.537 [main] INFO  testCases.TC_001_AccountRegistration - Provided Password 
12:34:19.612 [main] INFO  testCases.TC_001_AccountRegistration - Test failed
12:34:19.623 [AsyncHttpClient-1-6] TRACE io.netty.handler.codec.http.websocketx.WebSocket08FrameEncoder - Encoding WebSocket Frame opCode=8 length=26
12:34:21.671 [main] INFO  testCases.TC_001_AccountRegistration - Launched Edge Browser
12:34:21.674 [main] INFO  testCases.TC_001_AccountRegistration - Starting TC_001_AccountRegistration
12:34:22.588 [main] INFO  testCases.TC_001_AccountRegistration -  Home Page Displayed
12:34:24.755 [main] INFO  testCases.TC_001_AccountRegistration - Clicked on My account
12:34:25.253 [main] INFO  testCases.TC_001_AccountRegistration - Clicked on Register 
12:34:25.330 [main] INFO  testCases.TC_001_AccountRegistration - Provided First Name 
12:34:25.407 [main] INFO  testCases.TC_001_AccountRegistration - Provided Last Name
12:34:25.488 [main] INFO  testCases.TC_001_AccountRegistration - Provided email
12:34:25.556 [main] INFO  testCases.TC_001_AccountRegistration - Provided Password 
12:34:26.619 [main] INFO  testCases.TC_001_AccountRegistration - Test failed
12:34:26.622 [AsyncHttpClient-1-9] TRACE io.netty.handler.codec.http.websocketx.WebSocket08FrameEncoder - Encoding WebSocket Frame opCode=8 length=26
12:34:27.601 [AsyncHttpClient-1-6] DEBUG io.netty.buffer.PoolThreadCache - Freed 4 thread-local buffer(s) from thread: AsyncHttpClient-1-6
12:34:27.601 [AsyncHttpClient-1-2] DEBUG io.netty.buffer.PoolThreadCache - Freed 25 thread-local buffer(s) from thread: AsyncHttpClient-1-2
12:34:27.601 [AsyncHttpClient-1-5] DEBUG io.netty.buffer.PoolThreadCache - Freed 2 thread-local buffer(s) from thread: AsyncHttpClient-1-5
12:34:27.601 [AsyncHttpClient-1-3] DEBUG io.netty.buffer.PoolThreadCache - Freed 2 thread-local buffer(s) from thread: AsyncHttpClient-1-3
12:34:27.601 [AsyncHttpClient-1-4] DEBUG io.netty.buffer.PoolThreadCache - Freed 25 thread-local buffer(s) from thread: AsyncHttpClient-1-4
13:05:19.034 [TestNG-tests-3] DEBUG io.netty.util.internal.logging.InternalLoggerFactory - Using Log4J2 as the default logging framework
13:05:19.046 [TestNG-tests-3] DEBUG io.netty.util.ResourceLeakDetector - -Dio.netty.leakDetection.level: simple
13:05:19.047 [TestNG-tests-3] DEBUG io.netty.util.ResourceLeakDetector - -Dio.netty.leakDetection.targetRecords: 4
13:05:19.051 [TestNG-tests-3] DEBUG io.netty.util.ResourceLeakDetectorFactory - Loaded default ResourceLeakDetector: io.netty.util.ResourceLeakDetector@10940e27
13:05:19.071 [TestNG-tests-3] DEBUG io.netty.util.internal.PlatformDependent - Platform: Windows
13:05:19.073 [TestNG-tests-3] DEBUG io.netty.util.internal.PlatformDependent0 - -Dio.netty.noUnsafe: false
13:05:19.073 [TestNG-tests-3] DEBUG io.netty.util.internal.PlatformDependent0 - Java version: 8
13:05:19.076 [TestNG-tests-3] DEBUG io.netty.util.internal.PlatformDependent0 - sun.misc.Unsafe.theUnsafe: available
13:05:19.076 [TestNG-tests-3] DEBUG io.netty.util.internal.PlatformDependent0 - sun.misc.Unsafe.copyMemory: available
13:05:19.077 [TestNG-tests-3] DEBUG io.netty.util.internal.PlatformDependent0 - java.nio.Buffer.address: available
13:05:19.078 [TestNG-tests-3] DEBUG io.netty.util.internal.PlatformDependent0 - direct buffer constructor: available
13:05:19.079 [TestNG-tests-3] DEBUG io.netty.util.internal.PlatformDependent0 - java.nio.Bits.unaligned: available, true
13:05:19.079 [TestNG-tests-3] DEBUG io.netty.util.internal.PlatformDependent0 - jdk.internal.misc.Unsafe.allocateUninitializedArray(int): unavailable prior to Java9
13:05:19.079 [TestNG-tests-3] DEBUG io.netty.util.internal.PlatformDependent0 - java.nio.DirectByteBuffer.<init>(long, int): available
13:05:19.079 [TestNG-tests-3] DEBUG io.netty.util.internal.PlatformDependent - sun.misc.Unsafe: available
13:05:19.080 [TestNG-tests-3] DEBUG io.netty.util.internal.PlatformDependent - -Dio.netty.tmpdir: C:\Users\bravo\AppData\Local\Temp (java.io.tmpdir)
13:05:19.080 [TestNG-tests-3] DEBUG io.netty.util.internal.PlatformDependent - -Dio.netty.bitMode: 64 (sun.arch.data.model)
13:05:19.081 [TestNG-tests-3] DEBUG io.netty.util.internal.PlatformDependent - -Dio.netty.maxDirectMemory: 1881145344 bytes
13:05:19.081 [TestNG-tests-3] DEBUG io.netty.util.internal.PlatformDependent - -Dio.netty.uninitializedArrayAllocationThreshold: -1
13:05:19.083 [TestNG-tests-3] DEBUG io.netty.util.internal.CleanerJava6 - java.nio.ByteBuffer.cleaner(): available
13:05:19.083 [TestNG-tests-3] DEBUG io.netty.util.internal.PlatformDependent - -Dio.netty.noPreferDirect: false
13:05:19.092 [TestNG-tests-3] DEBUG io.netty.util.internal.PlatformDependent - org.jctools-core.MpscChunkedArrayQueue: available
13:05:19.111 [TestNG-tests-3] DEBUG io.netty.util.internal.InternalThreadLocalMap - -Dio.netty.threadLocalMap.stringBuilder.initialSize: 1024
13:05:19.111 [TestNG-tests-3] DEBUG io.netty.util.internal.InternalThreadLocalMap - -Dio.netty.threadLocalMap.stringBuilder.maxSize: 4096
13:05:19.141 [TestNG-tests-3] DEBUG io.netty.handler.ssl.JdkSslContext - Default protocols (JDK): [TLSv1.2, TLSv1.1, TLSv1] 
13:05:19.141 [TestNG-tests-3] DEBUG io.netty.handler.ssl.JdkSslContext - Default cipher suites (JDK): [TLS_ECDHE_ECDSA_WITH_AES_256_GCM_SHA384, TLS_ECDHE_ECDSA_WITH_AES_128_GCM_SHA256, TLS_ECDHE_RSA_WITH_AES_128_GCM_SHA256, TLS_ECDHE_RSA_WITH_AES_256_GCM_SHA384, TLS_ECDHE_RSA_WITH_AES_128_CBC_SHA, TLS_ECDHE_RSA_WITH_AES_256_CBC_SHA, TLS_RSA_WITH_AES_128_GCM_SHA256, TLS_RSA_WITH_AES_128_CBC_SHA, TLS_RSA_WITH_AES_256_CBC_SHA]
13:05:19.172 [TestNG-tests-3] DEBUG io.netty.channel.MultithreadEventLoopGroup - -Dio.netty.eventLoopThreads: 16
13:05:19.183 [TestNG-tests-3] DEBUG io.netty.channel.nio.NioEventLoop - -Dio.netty.noKeySetOptimization: false
13:05:19.184 [TestNG-tests-3] DEBUG io.netty.channel.nio.NioEventLoop - -Dio.netty.selectorAutoRebuildThreshold: 512
13:05:19.200 [TestNG-tests-3] TRACE io.netty.channel.nio.NioEventLoop - instrumented a special java.util.Set into: sun.nio.ch.WindowsSelectorImpl@1264bd81
13:05:19.202 [TestNG-tests-3] TRACE io.netty.channel.nio.NioEventLoop - instrumented a special java.util.Set into: sun.nio.ch.WindowsSelectorImpl@689a9449
13:05:19.203 [TestNG-tests-3] TRACE io.netty.channel.nio.NioEventLoop - instrumented a special java.util.Set into: sun.nio.ch.WindowsSelectorImpl@5f25a46e
13:05:19.204 [TestNG-tests-3] TRACE io.netty.channel.nio.NioEventLoop - instrumented a special java.util.Set into: sun.nio.ch.WindowsSelectorImpl@186f7d07
13:05:19.204 [TestNG-tests-3] TRACE io.netty.channel.nio.NioEventLoop - instrumented a special java.util.Set into: sun.nio.ch.WindowsSelectorImpl@13f0e937
13:05:19.205 [TestNG-tests-3] TRACE io.netty.channel.nio.NioEventLoop - instrumented a special java.util.Set into: sun.nio.ch.WindowsSelectorImpl@2f741fdc
13:05:19.205 [TestNG-tests-3] TRACE io.netty.channel.nio.NioEventLoop - instrumented a special java.util.Set into: sun.nio.ch.WindowsSelectorImpl@5d00c888
13:05:19.206 [TestNG-tests-3] TRACE io.netty.channel.nio.NioEventLoop - instrumented a special java.util.Set into: sun.nio.ch.WindowsSelectorImpl@3e64016a
13:05:19.207 [TestNG-tests-3] TRACE io.netty.channel.nio.NioEventLoop - instrumented a special java.util.Set into: sun.nio.ch.WindowsSelectorImpl@2ac9fec0
13:05:19.207 [TestNG-tests-3] TRACE io.netty.channel.nio.NioEventLoop - instrumented a special java.util.Set into: sun.nio.ch.WindowsSelectorImpl@25cc9eba
13:05:19.208 [TestNG-tests-3] TRACE io.netty.channel.nio.NioEventLoop - instrumented a special java.util.Set into: sun.nio.ch.WindowsSelectorImpl@7ed35603
13:05:19.208 [TestNG-tests-3] TRACE io.netty.channel.nio.NioEventLoop - instrumented a special java.util.Set into: sun.nio.ch.WindowsSelectorImpl@602267e2
13:05:19.209 [TestNG-tests-3] TRACE io.netty.channel.nio.NioEventLoop - instrumented a special java.util.Set into: sun.nio.ch.WindowsSelectorImpl@5f8bad8
13:05:19.210 [TestNG-tests-3] TRACE io.netty.channel.nio.NioEventLoop - instrumented a special java.util.Set into: sun.nio.ch.WindowsSelectorImpl@4480cd93
13:05:19.210 [TestNG-tests-3] TRACE io.netty.channel.nio.NioEventLoop - instrumented a special java.util.Set into: sun.nio.ch.WindowsSelectorImpl@2007e84e
13:05:19.211 [TestNG-tests-3] TRACE io.netty.channel.nio.NioEventLoop - instrumented a special java.util.Set into: sun.nio.ch.WindowsSelectorImpl@53e996db
13:05:19.232 [TestNG-tests-3] DEBUG io.netty.buffer.PooledByteBufAllocator - -Dio.netty.allocator.numHeapArenas: 16
13:05:19.232 [TestNG-tests-3] DEBUG io.netty.buffer.PooledByteBufAllocator - -Dio.netty.allocator.numDirectArenas: 16
13:05:19.232 [TestNG-tests-3] DEBUG io.netty.buffer.PooledByteBufAllocator - -Dio.netty.allocator.pageSize: 8192
13:05:19.232 [TestNG-tests-3] DEBUG io.netty.buffer.PooledByteBufAllocator - -Dio.netty.allocator.maxOrder: 11
13:05:19.232 [TestNG-tests-3] DEBUG io.netty.buffer.PooledByteBufAllocator - -Dio.netty.allocator.chunkSize: 16777216
13:05:19.232 [TestNG-tests-3] DEBUG io.netty.buffer.PooledByteBufAllocator - -Dio.netty.allocator.smallCacheSize: 256
13:05:19.232 [TestNG-tests-3] DEBUG io.netty.buffer.PooledByteBufAllocator - -Dio.netty.allocator.normalCacheSize: 64
13:05:19.232 [TestNG-tests-3] DEBUG io.netty.buffer.PooledByteBufAllocator - -Dio.netty.allocator.maxCachedBufferCapacity: 32768
13:05:19.232 [TestNG-tests-3] DEBUG io.netty.buffer.PooledByteBufAllocator - -Dio.netty.allocator.cacheTrimInterval: 8192
13:05:19.232 [TestNG-tests-3] DEBUG io.netty.buffer.PooledByteBufAllocator - -Dio.netty.allocator.cacheTrimIntervalMillis: 0
13:05:19.232 [TestNG-tests-3] DEBUG io.netty.buffer.PooledByteBufAllocator - -Dio.netty.allocator.useCacheForAllThreads: true
13:05:19.232 [TestNG-tests-3] DEBUG io.netty.buffer.PooledByteBufAllocator - -Dio.netty.allocator.maxCachedByteBuffersPerChunk: 1023
13:05:19.244 [TestNG-tests-3] DEBUG io.netty.buffer.ByteBufUtil - -Dio.netty.allocator.type: pooled
13:05:19.244 [TestNG-tests-3] DEBUG io.netty.buffer.ByteBufUtil - -Dio.netty.threadLocalDirectBufferSize: 0
13:05:19.244 [TestNG-tests-3] DEBUG io.netty.buffer.ByteBufUtil - -Dio.netty.maxThreadLocalCharBufferSize: 16384
13:05:20.093 [Forwarding newSession on session null to remote] DEBUG io.netty.channel.DefaultChannelId - -Dio.netty.processId: 12864 (auto-detected)
13:05:20.095 [Forwarding newSession on session null to remote] DEBUG io.netty.util.NetUtil - -Djava.net.preferIPv4Stack: false
13:05:20.095 [Forwarding newSession on session null to remote] DEBUG io.netty.util.NetUtil - -Djava.net.preferIPv6Addresses: false
13:05:20.424 [Forwarding newSession on session null to remote] DEBUG io.netty.util.NetUtilInitializations - Loopback interface: lo (Software Loopback Interface 1, 127.0.0.1)
13:05:20.425 [Forwarding newSession on session null to remote] DEBUG io.netty.util.NetUtil - Failed to get SOMAXCONN from sysctl and file \proc\sys\net\core\somaxconn. Default: 200
13:05:20.760 [Forwarding newSession on session null to remote] DEBUG io.netty.channel.DefaultChannelId - -Dio.netty.machineId: 90:61:ae:ff:fe:a4:91:29 (auto-detected)
13:05:20.822 [AsyncHttpClient-1-4] DEBUG io.netty.buffer.AbstractByteBuf - -Dio.netty.buffer.checkAccessible: true
13:05:20.822 [AsyncHttpClient-1-4] DEBUG io.netty.buffer.AbstractByteBuf - -Dio.netty.buffer.checkBounds: true
13:05:20.822 [AsyncHttpClient-1-4] DEBUG io.netty.util.ResourceLeakDetectorFactory - Loaded default ResourceLeakDetector: io.netty.util.ResourceLeakDetector@2e9e27b5
13:05:20.851 [AsyncHttpClient-1-4] DEBUG io.netty.util.Recycler - -Dio.netty.recycler.maxCapacityPerThread: 4096
13:05:20.851 [AsyncHttpClient-1-4] DEBUG io.netty.util.Recycler - -Dio.netty.recycler.maxSharedCapacityFactor: 2
13:05:20.851 [AsyncHttpClient-1-4] DEBUG io.netty.util.Recycler - -Dio.netty.recycler.linkCapacity: 16
13:05:20.851 [AsyncHttpClient-1-4] DEBUG io.netty.util.Recycler - -Dio.netty.recycler.ratio: 8
13:05:20.851 [AsyncHttpClient-1-4] DEBUG io.netty.util.Recycler - -Dio.netty.recycler.delayedQueue.ratio: 8
13:05:22.957 [TestNG-tests-3] DEBUG io.netty.util.internal.ThreadLocalRandom - -Dio.netty.initialSeedUniquifier: 0xadb1c0adfac1285e
13:05:23.066 [TestNG-tests-3] INFO  testCases.TC_001_AccountRegistration - Launched Edge Browser
13:05:23.066 [TestNG-tests-2] INFO  testCases.TC_001_AccountRegistration - Launched Chrome Browser
13:05:23.127 [TestNG-tests-3] INFO  testCases.TC_001_AccountRegistration - Starting TC_001_AccountRegistration
13:05:23.140 [TestNG-tests-2] INFO  testCases.TC_001_AccountRegistration - Starting TC_001_AccountRegistration
13:05:24.329 [TestNG-tests-2] INFO  testCases.TC_001_AccountRegistration -  Home Page Displayed
13:05:24.357 [TestNG-tests-3] INFO  testCases.TC_001_AccountRegistration -  Home Page Displayed
13:05:26.753 [TestNG-tests-3] INFO  testCases.TC_001_AccountRegistration - Clicked on My account
13:05:26.991 [TestNG-tests-2] INFO  testCases.TC_001_AccountRegistration - Clicked on My account
13:05:27.309 [TestNG-tests-1] INFO  testCases.TC_001_AccountRegistration - Launched Firefox Browser
13:05:27.336 [TestNG-tests-1] INFO  testCases.TC_001_AccountRegistration - Starting TC_001_AccountRegistration
13:05:27.780 [TestNG-tests-3] INFO  testCases.TC_001_AccountRegistration - Clicked on Register 
13:05:27.960 [TestNG-tests-2] INFO  testCases.TC_001_AccountRegistration - Clicked on Register 
13:05:28.217 [TestNG-tests-3] INFO  testCases.TC_001_AccountRegistration - Provided First Name 
13:05:28.261 [TestNG-tests-2] INFO  testCases.TC_001_AccountRegistration - Provided First Name 
13:05:28.402 [TestNG-tests-2] INFO  testCases.TC_001_AccountRegistration - Provided Last Name
13:05:28.408 [TestNG-tests-3] INFO  testCases.TC_001_AccountRegistration - Provided Last Name
13:05:28.591 [TestNG-tests-2] INFO  testCases.TC_001_AccountRegistration - Provided email
13:05:28.599 [TestNG-tests-3] INFO  testCases.TC_001_AccountRegistration - Provided email
13:05:28.766 [TestNG-tests-2] INFO  testCases.TC_001_AccountRegistration - Provided Password 
13:05:28.797 [TestNG-tests-3] INFO  testCases.TC_001_AccountRegistration - Provided Password 
13:05:29.338 [TestNG-tests-1] INFO  testCases.TC_001_AccountRegistration -  Home Page Displayed
13:05:29.962 [TestNG-tests-2] INFO  testCases.TC_001_AccountRegistration - Test failed
13:05:29.962 [TestNG-tests-3] INFO  testCases.TC_001_AccountRegistration - Test failed
13:05:29.981 [AsyncHttpClient-1-7] TRACE io.netty.handler.codec.http.websocketx.WebSocket08FrameEncoder - Encoding WebSocket Frame opCode=8 length=26
13:05:29.982 [AsyncHttpClient-1-8] TRACE io.netty.handler.codec.http.websocketx.WebSocket08FrameEncoder - Encoding WebSocket Frame opCode=8 length=26
13:05:31.895 [TestNG-tests-1] INFO  testCases.TC_001_AccountRegistration - Clicked on My account
13:05:32.516 [TestNG-tests-1] INFO  testCases.TC_001_AccountRegistration - Clicked on Register 
13:05:32.554 [TestNG-tests-1] INFO  testCases.TC_001_AccountRegistration - Provided First Name 
13:05:32.612 [TestNG-tests-1] INFO  testCases.TC_001_AccountRegistration - Provided Last Name
13:05:32.668 [TestNG-tests-1] INFO  testCases.TC_001_AccountRegistration - Provided email
13:05:32.717 [TestNG-tests-1] INFO  testCases.TC_001_AccountRegistration - Provided Password 
13:05:32.954 [TestNG-tests-1] INFO  testCases.TC_001_AccountRegistration -  Clicked on Subscribe
13:05:33.176 [TestNG-tests-1] INFO  testCases.TC_001_AccountRegistration - Clicked on Privacy 
13:05:33.724 [TestNG-tests-1] INFO  testCases.TC_001_AccountRegistration - Clicked on Continue
13:05:33.724 [TestNG-tests-1] INFO  testCases.TC_001_AccountRegistration - Finished TC_001_AccountRegistration
13:05:34.903 [AsyncHttpClient-1-7] DEBUG io.netty.buffer.PoolThreadCache - Freed 4 thread-local buffer(s) from thread: AsyncHttpClient-1-7
13:05:34.903 [AsyncHttpClient-1-4] DEBUG io.netty.buffer.PoolThreadCache - Freed 25 thread-local buffer(s) from thread: AsyncHttpClient-1-4
13:05:34.903 [AsyncHttpClient-1-5] DEBUG io.netty.buffer.PoolThreadCache - Freed 2 thread-local buffer(s) from thread: AsyncHttpClient-1-5
13:05:34.903 [AsyncHttpClient-1-6] DEBUG io.netty.buffer.PoolThreadCache - Freed 2 thread-local buffer(s) from thread: AsyncHttpClient-1-6
13:05:34.903 [AsyncHttpClient-1-3] DEBUG io.netty.buffer.PoolThreadCache - Freed 25 thread-local buffer(s) from thread: AsyncHttpClient-1-3
13:05:34.903 [AsyncHttpClient-1-9] DEBUG io.netty.buffer.PoolThreadCache - Freed 2 thread-local buffer(s) from thread: AsyncHttpClient-1-9
13:05:34.903 [AsyncHttpClient-1-8] DEBUG io.netty.buffer.PoolThreadCache - Freed 4 thread-local buffer(s) from thread: AsyncHttpClient-1-8
13:33:13.983 [main] DEBUG io.netty.util.internal.logging.InternalLoggerFactory - Using Log4J2 as the default logging framework
13:33:13.996 [main] DEBUG io.netty.util.ResourceLeakDetector - -Dio.netty.leakDetection.level: simple
13:33:13.996 [main] DEBUG io.netty.util.ResourceLeakDetector - -Dio.netty.leakDetection.targetRecords: 4
13:33:14.002 [main] DEBUG io.netty.util.ResourceLeakDetectorFactory - Loaded default ResourceLeakDetector: io.netty.util.ResourceLeakDetector@65aa6596
13:33:14.023 [main] DEBUG io.netty.util.internal.PlatformDependent - Platform: Windows
13:33:14.025 [main] DEBUG io.netty.util.internal.PlatformDependent0 - -Dio.netty.noUnsafe: false
13:33:14.025 [main] DEBUG io.netty.util.internal.PlatformDependent0 - Java version: 8
13:33:14.026 [main] DEBUG io.netty.util.internal.PlatformDependent0 - sun.misc.Unsafe.theUnsafe: available
13:33:14.027 [main] DEBUG io.netty.util.internal.PlatformDependent0 - sun.misc.Unsafe.copyMemory: available
13:33:14.027 [main] DEBUG io.netty.util.internal.PlatformDependent0 - java.nio.Buffer.address: available
13:33:14.028 [main] DEBUG io.netty.util.internal.PlatformDependent0 - direct buffer constructor: available
13:33:14.028 [main] DEBUG io.netty.util.internal.PlatformDependent0 - java.nio.Bits.unaligned: available, true
13:33:14.028 [main] DEBUG io.netty.util.internal.PlatformDependent0 - jdk.internal.misc.Unsafe.allocateUninitializedArray(int): unavailable prior to Java9
13:33:14.029 [main] DEBUG io.netty.util.internal.PlatformDependent0 - java.nio.DirectByteBuffer.<init>(long, int): available
13:33:14.029 [main] DEBUG io.netty.util.internal.PlatformDependent - sun.misc.Unsafe: available
13:33:14.029 [main] DEBUG io.netty.util.internal.PlatformDependent - -Dio.netty.tmpdir: C:\Users\bravo\AppData\Local\Temp (java.io.tmpdir)
13:33:14.029 [main] DEBUG io.netty.util.internal.PlatformDependent - -Dio.netty.bitMode: 64 (sun.arch.data.model)
13:33:14.030 [main] DEBUG io.netty.util.internal.PlatformDependent - -Dio.netty.maxDirectMemory: 1881145344 bytes
13:33:14.030 [main] DEBUG io.netty.util.internal.PlatformDependent - -Dio.netty.uninitializedArrayAllocationThreshold: -1
13:33:14.031 [main] DEBUG io.netty.util.internal.CleanerJava6 - java.nio.ByteBuffer.cleaner(): available
13:33:14.031 [main] DEBUG io.netty.util.internal.PlatformDependent - -Dio.netty.noPreferDirect: false
13:33:14.040 [main] DEBUG io.netty.util.internal.PlatformDependent - org.jctools-core.MpscChunkedArrayQueue: available
13:33:14.062 [main] DEBUG io.netty.util.internal.InternalThreadLocalMap - -Dio.netty.threadLocalMap.stringBuilder.initialSize: 1024
13:33:14.062 [main] DEBUG io.netty.util.internal.InternalThreadLocalMap - -Dio.netty.threadLocalMap.stringBuilder.maxSize: 4096
13:33:14.076 [main] DEBUG io.netty.handler.ssl.JdkSslContext - Default protocols (JDK): [TLSv1.2, TLSv1.1, TLSv1] 
13:33:14.076 [main] DEBUG io.netty.handler.ssl.JdkSslContext - Default cipher suites (JDK): [TLS_ECDHE_ECDSA_WITH_AES_256_GCM_SHA384, TLS_ECDHE_ECDSA_WITH_AES_128_GCM_SHA256, TLS_ECDHE_RSA_WITH_AES_128_GCM_SHA256, TLS_ECDHE_RSA_WITH_AES_256_GCM_SHA384, TLS_ECDHE_RSA_WITH_AES_128_CBC_SHA, TLS_ECDHE_RSA_WITH_AES_256_CBC_SHA, TLS_RSA_WITH_AES_128_GCM_SHA256, TLS_RSA_WITH_AES_128_CBC_SHA, TLS_RSA_WITH_AES_256_CBC_SHA]
13:33:14.104 [main] DEBUG io.netty.channel.MultithreadEventLoopGroup - -Dio.netty.eventLoopThreads: 16
13:33:14.113 [main] DEBUG io.netty.channel.nio.NioEventLoop - -Dio.netty.noKeySetOptimization: false
13:33:14.113 [main] DEBUG io.netty.channel.nio.NioEventLoop - -Dio.netty.selectorAutoRebuildThreshold: 512
13:33:14.122 [main] TRACE io.netty.channel.nio.NioEventLoop - instrumented a special java.util.Set into: sun.nio.ch.WindowsSelectorImpl@3ec11999
13:33:14.124 [main] TRACE io.netty.channel.nio.NioEventLoop - instrumented a special java.util.Set into: sun.nio.ch.WindowsSelectorImpl@18cc679e
13:33:14.124 [main] TRACE io.netty.channel.nio.NioEventLoop - instrumented a special java.util.Set into: sun.nio.ch.WindowsSelectorImpl@2e77b8cf
13:33:14.125 [main] TRACE io.netty.channel.nio.NioEventLoop - instrumented a special java.util.Set into: sun.nio.ch.WindowsSelectorImpl@2c4ca0f9
13:33:14.125 [main] TRACE io.netty.channel.nio.NioEventLoop - instrumented a special java.util.Set into: sun.nio.ch.WindowsSelectorImpl@67ef029
13:33:14.126 [main] TRACE io.netty.channel.nio.NioEventLoop - instrumented a special java.util.Set into: sun.nio.ch.WindowsSelectorImpl@7df587ef
13:33:14.127 [main] TRACE io.netty.channel.nio.NioEventLoop - instrumented a special java.util.Set into: sun.nio.ch.WindowsSelectorImpl@6e57e95e
13:33:14.127 [main] TRACE io.netty.channel.nio.NioEventLoop - instrumented a special java.util.Set into: sun.nio.ch.WindowsSelectorImpl@2755d705
13:33:14.128 [main] TRACE io.netty.channel.nio.NioEventLoop - instrumented a special java.util.Set into: sun.nio.ch.WindowsSelectorImpl@56db847e
13:33:14.128 [main] TRACE io.netty.channel.nio.NioEventLoop - instrumented a special java.util.Set into: sun.nio.ch.WindowsSelectorImpl@740abb5
13:33:14.129 [main] TRACE io.netty.channel.nio.NioEventLoop - instrumented a special java.util.Set into: sun.nio.ch.WindowsSelectorImpl@560cbf1a
13:33:14.130 [main] TRACE io.netty.channel.nio.NioEventLoop - instrumented a special java.util.Set into: sun.nio.ch.WindowsSelectorImpl@5fe8b721
13:33:14.130 [main] TRACE io.netty.channel.nio.NioEventLoop - instrumented a special java.util.Set into: sun.nio.ch.WindowsSelectorImpl@551a20d6
13:33:14.131 [main] TRACE io.netty.channel.nio.NioEventLoop - instrumented a special java.util.Set into: sun.nio.ch.WindowsSelectorImpl@578524c3
13:33:14.132 [main] TRACE io.netty.channel.nio.NioEventLoop - instrumented a special java.util.Set into: sun.nio.ch.WindowsSelectorImpl@64c2b546
13:33:14.132 [main] TRACE io.netty.channel.nio.NioEventLoop - instrumented a special java.util.Set into: sun.nio.ch.WindowsSelectorImpl@7e094740
13:33:14.153 [main] DEBUG io.netty.buffer.PooledByteBufAllocator - -Dio.netty.allocator.numHeapArenas: 16
13:33:14.153 [main] DEBUG io.netty.buffer.PooledByteBufAllocator - -Dio.netty.allocator.numDirectArenas: 16
13:33:14.153 [main] DEBUG io.netty.buffer.PooledByteBufAllocator - -Dio.netty.allocator.pageSize: 8192
13:33:14.153 [main] DEBUG io.netty.buffer.PooledByteBufAllocator - -Dio.netty.allocator.maxOrder: 11
13:33:14.153 [main] DEBUG io.netty.buffer.PooledByteBufAllocator - -Dio.netty.allocator.chunkSize: 16777216
13:33:14.153 [main] DEBUG io.netty.buffer.PooledByteBufAllocator - -Dio.netty.allocator.smallCacheSize: 256
13:33:14.153 [main] DEBUG io.netty.buffer.PooledByteBufAllocator - -Dio.netty.allocator.normalCacheSize: 64
13:33:14.153 [main] DEBUG io.netty.buffer.PooledByteBufAllocator - -Dio.netty.allocator.maxCachedBufferCapacity: 32768
13:33:14.153 [main] DEBUG io.netty.buffer.PooledByteBufAllocator - -Dio.netty.allocator.cacheTrimInterval: 8192
13:33:14.153 [main] DEBUG io.netty.buffer.PooledByteBufAllocator - -Dio.netty.allocator.cacheTrimIntervalMillis: 0
13:33:14.153 [main] DEBUG io.netty.buffer.PooledByteBufAllocator - -Dio.netty.allocator.useCacheForAllThreads: true
13:33:14.153 [main] DEBUG io.netty.buffer.PooledByteBufAllocator - -Dio.netty.allocator.maxCachedByteBuffersPerChunk: 1023
13:33:14.163 [main] DEBUG io.netty.buffer.ByteBufUtil - -Dio.netty.allocator.type: pooled
13:33:14.164 [main] DEBUG io.netty.buffer.ByteBufUtil - -Dio.netty.threadLocalDirectBufferSize: 0
13:33:14.164 [main] DEBUG io.netty.buffer.ByteBufUtil - -Dio.netty.maxThreadLocalCharBufferSize: 16384
13:33:14.939 [Forwarding newSession on session null to remote] DEBUG io.netty.channel.DefaultChannelId - -Dio.netty.processId: 13732 (auto-detected)
13:33:14.941 [Forwarding newSession on session null to remote] DEBUG io.netty.util.NetUtil - -Djava.net.preferIPv4Stack: false
13:33:14.941 [Forwarding newSession on session null to remote] DEBUG io.netty.util.NetUtil - -Djava.net.preferIPv6Addresses: false
13:33:15.257 [Forwarding newSession on session null to remote] DEBUG io.netty.util.NetUtilInitializations - Loopback interface: lo (Software Loopback Interface 1, 127.0.0.1)
13:33:15.258 [Forwarding newSession on session null to remote] DEBUG io.netty.util.NetUtil - Failed to get SOMAXCONN from sysctl and file \proc\sys\net\core\somaxconn. Default: 200
13:33:15.595 [Forwarding newSession on session null to remote] DEBUG io.netty.channel.DefaultChannelId - -Dio.netty.machineId: 90:61:ae:ff:fe:a4:91:29 (auto-detected)
13:33:15.661 [AsyncHttpClient-1-2] DEBUG io.netty.buffer.AbstractByteBuf - -Dio.netty.buffer.checkAccessible: true
13:33:15.661 [AsyncHttpClient-1-2] DEBUG io.netty.buffer.AbstractByteBuf - -Dio.netty.buffer.checkBounds: true
13:33:15.662 [AsyncHttpClient-1-2] DEBUG io.netty.util.ResourceLeakDetectorFactory - Loaded default ResourceLeakDetector: io.netty.util.ResourceLeakDetector@2dd72ffc
13:33:15.686 [AsyncHttpClient-1-2] DEBUG io.netty.util.Recycler - -Dio.netty.recycler.maxCapacityPerThread: 4096
13:33:15.686 [AsyncHttpClient-1-2] DEBUG io.netty.util.Recycler - -Dio.netty.recycler.maxSharedCapacityFactor: 2
13:33:15.686 [AsyncHttpClient-1-2] DEBUG io.netty.util.Recycler - -Dio.netty.recycler.linkCapacity: 16
13:33:15.686 [AsyncHttpClient-1-2] DEBUG io.netty.util.Recycler - -Dio.netty.recycler.ratio: 8
13:33:15.686 [AsyncHttpClient-1-2] DEBUG io.netty.util.Recycler - -Dio.netty.recycler.delayedQueue.ratio: 8
13:33:18.752 [main] INFO  testCases.TC_001_AccountRegistration - Launched Firefox Browser
13:33:18.781 [main] INFO  testCases.TC_001_AccountRegistration - Starting TC_001_AccountRegistration
13:33:20.611 [main] INFO  testCases.TC_001_AccountRegistration -  Home Page Displayed
13:33:23.227 [main] INFO  testCases.TC_001_AccountRegistration - Clicked on My account
13:33:23.799 [main] INFO  testCases.TC_001_AccountRegistration - Clicked on Register 
13:33:23.837 [main] INFO  testCases.TC_001_AccountRegistration - Provided First Name 
13:33:23.857 [main] INFO  testCases.TC_001_AccountRegistration - Provided Last Name
13:33:23.879 [main] INFO  testCases.TC_001_AccountRegistration - Provided email
13:33:23.897 [main] INFO  testCases.TC_001_AccountRegistration - Provided Password 
13:33:24.121 [main] INFO  testCases.TC_001_AccountRegistration -  Clicked on Subscribe
13:33:24.386 [main] INFO  testCases.TC_001_AccountRegistration - Clicked on Privacy 
13:33:25.004 [main] INFO  testCases.TC_001_AccountRegistration - Clicked on Continue
13:33:25.005 [main] INFO  testCases.TC_001_AccountRegistration - Finished TC_001_AccountRegistration
13:33:26.019 [AsyncHttpClient-1-3] DEBUG io.netty.buffer.PoolThreadCache - Freed 2 thread-local buffer(s) from thread: AsyncHttpClient-1-3
14:55:22.591 [main] DEBUG io.netty.util.internal.logging.InternalLoggerFactory - Using Log4J2 as the default logging framework
14:55:22.601 [main] DEBUG io.netty.util.ResourceLeakDetector - -Dio.netty.leakDetection.level: simple
14:55:22.601 [main] DEBUG io.netty.util.ResourceLeakDetector - -Dio.netty.leakDetection.targetRecords: 4
14:55:22.605 [main] DEBUG io.netty.util.ResourceLeakDetectorFactory - Loaded default ResourceLeakDetector: io.netty.util.ResourceLeakDetector@65aa6596
14:55:22.625 [main] DEBUG io.netty.util.internal.PlatformDependent - Platform: Windows
14:55:22.627 [main] DEBUG io.netty.util.internal.PlatformDependent0 - -Dio.netty.noUnsafe: false
14:55:22.627 [main] DEBUG io.netty.util.internal.PlatformDependent0 - Java version: 8
14:55:22.628 [main] DEBUG io.netty.util.internal.PlatformDependent0 - sun.misc.Unsafe.theUnsafe: available
14:55:22.629 [main] DEBUG io.netty.util.internal.PlatformDependent0 - sun.misc.Unsafe.copyMemory: available
14:55:22.629 [main] DEBUG io.netty.util.internal.PlatformDependent0 - java.nio.Buffer.address: available
14:55:22.629 [main] DEBUG io.netty.util.internal.PlatformDependent0 - direct buffer constructor: available
14:55:22.630 [main] DEBUG io.netty.util.internal.PlatformDependent0 - java.nio.Bits.unaligned: available, true
14:55:22.630 [main] DEBUG io.netty.util.internal.PlatformDependent0 - jdk.internal.misc.Unsafe.allocateUninitializedArray(int): unavailable prior to Java9
14:55:22.630 [main] DEBUG io.netty.util.internal.PlatformDependent0 - java.nio.DirectByteBuffer.<init>(long, int): available
14:55:22.630 [main] DEBUG io.netty.util.internal.PlatformDependent - sun.misc.Unsafe: available
14:55:22.631 [main] DEBUG io.netty.util.internal.PlatformDependent - -Dio.netty.tmpdir: C:\Users\bravo\AppData\Local\Temp (java.io.tmpdir)
14:55:22.631 [main] DEBUG io.netty.util.internal.PlatformDependent - -Dio.netty.bitMode: 64 (sun.arch.data.model)
14:55:22.632 [main] DEBUG io.netty.util.internal.PlatformDependent - -Dio.netty.maxDirectMemory: 1881145344 bytes
14:55:22.632 [main] DEBUG io.netty.util.internal.PlatformDependent - -Dio.netty.uninitializedArrayAllocationThreshold: -1
14:55:22.634 [main] DEBUG io.netty.util.internal.CleanerJava6 - java.nio.ByteBuffer.cleaner(): available
14:55:22.634 [main] DEBUG io.netty.util.internal.PlatformDependent - -Dio.netty.noPreferDirect: false
14:55:22.642 [main] DEBUG io.netty.util.internal.PlatformDependent - org.jctools-core.MpscChunkedArrayQueue: available
14:55:22.664 [main] DEBUG io.netty.util.internal.InternalThreadLocalMap - -Dio.netty.threadLocalMap.stringBuilder.initialSize: 1024
14:55:22.664 [main] DEBUG io.netty.util.internal.InternalThreadLocalMap - -Dio.netty.threadLocalMap.stringBuilder.maxSize: 4096
14:55:22.677 [main] DEBUG io.netty.handler.ssl.JdkSslContext - Default protocols (JDK): [TLSv1.2, TLSv1.1, TLSv1] 
14:55:22.677 [main] DEBUG io.netty.handler.ssl.JdkSslContext - Default cipher suites (JDK): [TLS_ECDHE_ECDSA_WITH_AES_256_GCM_SHA384, TLS_ECDHE_ECDSA_WITH_AES_128_GCM_SHA256, TLS_ECDHE_RSA_WITH_AES_128_GCM_SHA256, TLS_ECDHE_RSA_WITH_AES_256_GCM_SHA384, TLS_ECDHE_RSA_WITH_AES_128_CBC_SHA, TLS_ECDHE_RSA_WITH_AES_256_CBC_SHA, TLS_RSA_WITH_AES_128_GCM_SHA256, TLS_RSA_WITH_AES_128_CBC_SHA, TLS_RSA_WITH_AES_256_CBC_SHA]
14:55:22.707 [main] DEBUG io.netty.channel.MultithreadEventLoopGroup - -Dio.netty.eventLoopThreads: 16
14:55:22.716 [main] DEBUG io.netty.channel.nio.NioEventLoop - -Dio.netty.noKeySetOptimization: false
14:55:22.716 [main] DEBUG io.netty.channel.nio.NioEventLoop - -Dio.netty.selectorAutoRebuildThreshold: 512
14:55:22.726 [main] TRACE io.netty.channel.nio.NioEventLoop - instrumented a special java.util.Set into: sun.nio.ch.WindowsSelectorImpl@3ec11999
14:55:22.728 [main] TRACE io.netty.channel.nio.NioEventLoop - instrumented a special java.util.Set into: sun.nio.ch.WindowsSelectorImpl@18cc679e
14:55:22.728 [main] TRACE io.netty.channel.nio.NioEventLoop - instrumented a special java.util.Set into: sun.nio.ch.WindowsSelectorImpl@2e77b8cf
14:55:22.729 [main] TRACE io.netty.channel.nio.NioEventLoop - instrumented a special java.util.Set into: sun.nio.ch.WindowsSelectorImpl@2c4ca0f9
14:55:22.730 [main] TRACE io.netty.channel.nio.NioEventLoop - instrumented a special java.util.Set into: sun.nio.ch.WindowsSelectorImpl@67ef029
14:55:22.730 [main] TRACE io.netty.channel.nio.NioEventLoop - instrumented a special java.util.Set into: sun.nio.ch.WindowsSelectorImpl@7df587ef
14:55:22.731 [main] TRACE io.netty.channel.nio.NioEventLoop - instrumented a special java.util.Set into: sun.nio.ch.WindowsSelectorImpl@6e57e95e
14:55:22.732 [main] TRACE io.netty.channel.nio.NioEventLoop - instrumented a special java.util.Set into: sun.nio.ch.WindowsSelectorImpl@2755d705
14:55:22.733 [main] TRACE io.netty.channel.nio.NioEventLoop - instrumented a special java.util.Set into: sun.nio.ch.WindowsSelectorImpl@56db847e
14:55:22.733 [main] TRACE io.netty.channel.nio.NioEventLoop - instrumented a special java.util.Set into: sun.nio.ch.WindowsSelectorImpl@740abb5
14:55:22.734 [main] TRACE io.netty.channel.nio.NioEventLoop - instrumented a special java.util.Set into: sun.nio.ch.WindowsSelectorImpl@560cbf1a
14:55:22.735 [main] TRACE io.netty.channel.nio.NioEventLoop - instrumented a special java.util.Set into: sun.nio.ch.WindowsSelectorImpl@5fe8b721
14:55:22.735 [main] TRACE io.netty.channel.nio.NioEventLoop - instrumented a special java.util.Set into: sun.nio.ch.WindowsSelectorImpl@551a20d6
14:55:22.736 [main] TRACE io.netty.channel.nio.NioEventLoop - instrumented a special java.util.Set into: sun.nio.ch.WindowsSelectorImpl@578524c3
14:55:22.737 [main] TRACE io.netty.channel.nio.NioEventLoop - instrumented a special java.util.Set into: sun.nio.ch.WindowsSelectorImpl@64c2b546
14:55:22.737 [main] TRACE io.netty.channel.nio.NioEventLoop - instrumented a special java.util.Set into: sun.nio.ch.WindowsSelectorImpl@7e094740
14:55:22.758 [main] DEBUG io.netty.buffer.PooledByteBufAllocator - -Dio.netty.allocator.numHeapArenas: 16
14:55:22.759 [main] DEBUG io.netty.buffer.PooledByteBufAllocator - -Dio.netty.allocator.numDirectArenas: 16
14:55:22.759 [main] DEBUG io.netty.buffer.PooledByteBufAllocator - -Dio.netty.allocator.pageSize: 8192
14:55:22.759 [main] DEBUG io.netty.buffer.PooledByteBufAllocator - -Dio.netty.allocator.maxOrder: 11
14:55:22.759 [main] DEBUG io.netty.buffer.PooledByteBufAllocator - -Dio.netty.allocator.chunkSize: 16777216
14:55:22.759 [main] DEBUG io.netty.buffer.PooledByteBufAllocator - -Dio.netty.allocator.smallCacheSize: 256
14:55:22.759 [main] DEBUG io.netty.buffer.PooledByteBufAllocator - -Dio.netty.allocator.normalCacheSize: 64
14:55:22.759 [main] DEBUG io.netty.buffer.PooledByteBufAllocator - -Dio.netty.allocator.maxCachedBufferCapacity: 32768
14:55:22.759 [main] DEBUG io.netty.buffer.PooledByteBufAllocator - -Dio.netty.allocator.cacheTrimInterval: 8192
14:55:22.759 [main] DEBUG io.netty.buffer.PooledByteBufAllocator - -Dio.netty.allocator.cacheTrimIntervalMillis: 0
14:55:22.759 [main] DEBUG io.netty.buffer.PooledByteBufAllocator - -Dio.netty.allocator.useCacheForAllThreads: true
14:55:22.759 [main] DEBUG io.netty.buffer.PooledByteBufAllocator - -Dio.netty.allocator.maxCachedByteBuffersPerChunk: 1023
14:55:22.769 [main] DEBUG io.netty.buffer.ByteBufUtil - -Dio.netty.allocator.type: pooled
14:55:22.769 [main] DEBUG io.netty.buffer.ByteBufUtil - -Dio.netty.threadLocalDirectBufferSize: 0
14:55:22.769 [main] DEBUG io.netty.buffer.ByteBufUtil - -Dio.netty.maxThreadLocalCharBufferSize: 16384
14:55:23.545 [Forwarding newSession on session null to remote] DEBUG io.netty.channel.DefaultChannelId - -Dio.netty.processId: 16108 (auto-detected)
14:55:23.547 [Forwarding newSession on session null to remote] DEBUG io.netty.util.NetUtil - -Djava.net.preferIPv4Stack: false
14:55:23.548 [Forwarding newSession on session null to remote] DEBUG io.netty.util.NetUtil - -Djava.net.preferIPv6Addresses: false
14:55:23.862 [Forwarding newSession on session null to remote] DEBUG io.netty.util.NetUtilInitializations - Loopback interface: lo (Software Loopback Interface 1, 127.0.0.1)
14:55:23.863 [Forwarding newSession on session null to remote] DEBUG io.netty.util.NetUtil - Failed to get SOMAXCONN from sysctl and file \proc\sys\net\core\somaxconn. Default: 200
14:55:24.197 [Forwarding newSession on session null to remote] DEBUG io.netty.channel.DefaultChannelId - -Dio.netty.machineId: 90:61:ae:ff:fe:a4:91:29 (auto-detected)
14:55:24.258 [AsyncHttpClient-1-2] DEBUG io.netty.buffer.AbstractByteBuf - -Dio.netty.buffer.checkAccessible: true
14:55:24.258 [AsyncHttpClient-1-2] DEBUG io.netty.buffer.AbstractByteBuf - -Dio.netty.buffer.checkBounds: true
14:55:24.258 [AsyncHttpClient-1-2] DEBUG io.netty.util.ResourceLeakDetectorFactory - Loaded default ResourceLeakDetector: io.netty.util.ResourceLeakDetector@54a122f0
14:55:24.283 [AsyncHttpClient-1-2] DEBUG io.netty.util.Recycler - -Dio.netty.recycler.maxCapacityPerThread: 4096
14:55:24.283 [AsyncHttpClient-1-2] DEBUG io.netty.util.Recycler - -Dio.netty.recycler.maxSharedCapacityFactor: 2
14:55:24.283 [AsyncHttpClient-1-2] DEBUG io.netty.util.Recycler - -Dio.netty.recycler.linkCapacity: 16
14:55:24.283 [AsyncHttpClient-1-2] DEBUG io.netty.util.Recycler - -Dio.netty.recycler.ratio: 8
14:55:24.284 [AsyncHttpClient-1-2] DEBUG io.netty.util.Recycler - -Dio.netty.recycler.delayedQueue.ratio: 8
14:55:27.362 [main] INFO  testCases.TC_001_AccountRegistration - Launched Firefox Browser
14:55:27.394 [main] INFO  testCases.TC_001_AccountRegistration - Starting TC_001_AccountRegistration
14:55:29.144 [main] INFO  testCases.TC_001_AccountRegistration -  Home Page Displayed
14:55:31.815 [main] INFO  testCases.TC_001_AccountRegistration - Clicked on My account
14:55:32.541 [main] INFO  testCases.TC_001_AccountRegistration - Clicked on Register 
14:55:32.590 [main] INFO  testCases.TC_001_AccountRegistration - Provided First Name 
14:55:32.619 [main] INFO  testCases.TC_001_AccountRegistration - Provided Last Name
14:55:32.659 [main] INFO  testCases.TC_001_AccountRegistration - Provided email
14:55:32.683 [main] INFO  testCases.TC_001_AccountRegistration - Provided Password 
14:55:32.918 [main] INFO  testCases.TC_001_AccountRegistration -  Clicked on Subscribe
14:55:33.179 [main] INFO  testCases.TC_001_AccountRegistration - Clicked on Privacy 
14:55:33.817 [main] INFO  testCases.TC_001_AccountRegistration - Clicked on Continue
14:55:33.817 [main] INFO  testCases.TC_001_AccountRegistration - Finished TC_001_AccountRegistration
14:55:35.010 [AsyncHttpClient-1-3] DEBUG io.netty.buffer.PoolThreadCache - Freed 2 thread-local buffer(s) from thread: AsyncHttpClient-1-3
14:55:45.742 [TestNG-tests-1] DEBUG io.netty.util.internal.logging.InternalLoggerFactory - Using Log4J2 as the default logging framework
14:55:45.756 [TestNG-tests-1] DEBUG io.netty.util.ResourceLeakDetector - -Dio.netty.leakDetection.level: simple
14:55:45.756 [TestNG-tests-1] DEBUG io.netty.util.ResourceLeakDetector - -Dio.netty.leakDetection.targetRecords: 4
14:55:45.762 [TestNG-tests-1] DEBUG io.netty.util.ResourceLeakDetectorFactory - Loaded default ResourceLeakDetector: io.netty.util.ResourceLeakDetector@22ce3497
14:55:45.783 [TestNG-tests-1] DEBUG io.netty.util.internal.PlatformDependent - Platform: Windows
14:55:45.785 [TestNG-tests-1] DEBUG io.netty.util.internal.PlatformDependent0 - -Dio.netty.noUnsafe: false
14:55:45.785 [TestNG-tests-1] DEBUG io.netty.util.internal.PlatformDependent0 - Java version: 8
14:55:45.787 [TestNG-tests-1] DEBUG io.netty.util.internal.PlatformDependent0 - sun.misc.Unsafe.theUnsafe: available
14:55:45.787 [TestNG-tests-1] DEBUG io.netty.util.internal.PlatformDependent0 - sun.misc.Unsafe.copyMemory: available
14:55:45.788 [TestNG-tests-1] DEBUG io.netty.util.internal.PlatformDependent0 - java.nio.Buffer.address: available
14:55:45.789 [TestNG-tests-1] DEBUG io.netty.util.internal.PlatformDependent0 - direct buffer constructor: available
14:55:45.790 [TestNG-tests-1] DEBUG io.netty.util.internal.PlatformDependent0 - java.nio.Bits.unaligned: available, true
14:55:45.790 [TestNG-tests-1] DEBUG io.netty.util.internal.PlatformDependent0 - jdk.internal.misc.Unsafe.allocateUninitializedArray(int): unavailable prior to Java9
14:55:45.790 [TestNG-tests-1] DEBUG io.netty.util.internal.PlatformDependent0 - java.nio.DirectByteBuffer.<init>(long, int): available
14:55:45.790 [TestNG-tests-1] DEBUG io.netty.util.internal.PlatformDependent - sun.misc.Unsafe: available
14:55:45.790 [TestNG-tests-1] DEBUG io.netty.util.internal.PlatformDependent - -Dio.netty.tmpdir: C:\Users\bravo\AppData\Local\Temp (java.io.tmpdir)
14:55:45.790 [TestNG-tests-1] DEBUG io.netty.util.internal.PlatformDependent - -Dio.netty.bitMode: 64 (sun.arch.data.model)
14:55:45.791 [TestNG-tests-1] DEBUG io.netty.util.internal.PlatformDependent - -Dio.netty.maxDirectMemory: 1881145344 bytes
14:55:45.791 [TestNG-tests-1] DEBUG io.netty.util.internal.PlatformDependent - -Dio.netty.uninitializedArrayAllocationThreshold: -1
14:55:45.792 [TestNG-tests-1] DEBUG io.netty.util.internal.CleanerJava6 - java.nio.ByteBuffer.cleaner(): available
14:55:45.793 [TestNG-tests-1] DEBUG io.netty.util.internal.PlatformDependent - -Dio.netty.noPreferDirect: false
14:55:45.802 [TestNG-tests-1] DEBUG io.netty.util.internal.PlatformDependent - org.jctools-core.MpscChunkedArrayQueue: available
14:55:45.827 [TestNG-tests-1] DEBUG io.netty.util.internal.InternalThreadLocalMap - -Dio.netty.threadLocalMap.stringBuilder.initialSize: 1024
14:55:45.827 [TestNG-tests-1] DEBUG io.netty.util.internal.InternalThreadLocalMap - -Dio.netty.threadLocalMap.stringBuilder.maxSize: 4096
14:55:45.841 [TestNG-tests-1] DEBUG io.netty.handler.ssl.JdkSslContext - Default protocols (JDK): [TLSv1.2, TLSv1.1, TLSv1] 
14:55:45.841 [TestNG-tests-1] DEBUG io.netty.handler.ssl.JdkSslContext - Default cipher suites (JDK): [TLS_ECDHE_ECDSA_WITH_AES_256_GCM_SHA384, TLS_ECDHE_ECDSA_WITH_AES_128_GCM_SHA256, TLS_ECDHE_RSA_WITH_AES_128_GCM_SHA256, TLS_ECDHE_RSA_WITH_AES_256_GCM_SHA384, TLS_ECDHE_RSA_WITH_AES_128_CBC_SHA, TLS_ECDHE_RSA_WITH_AES_256_CBC_SHA, TLS_RSA_WITH_AES_128_GCM_SHA256, TLS_RSA_WITH_AES_128_CBC_SHA, TLS_RSA_WITH_AES_256_CBC_SHA]
14:55:45.868 [TestNG-tests-1] DEBUG io.netty.channel.MultithreadEventLoopGroup - -Dio.netty.eventLoopThreads: 16
14:55:45.877 [TestNG-tests-1] DEBUG io.netty.channel.nio.NioEventLoop - -Dio.netty.noKeySetOptimization: false
14:55:45.877 [TestNG-tests-1] DEBUG io.netty.channel.nio.NioEventLoop - -Dio.netty.selectorAutoRebuildThreshold: 512
14:55:45.887 [TestNG-tests-1] TRACE io.netty.channel.nio.NioEventLoop - instrumented a special java.util.Set into: sun.nio.ch.WindowsSelectorImpl@64cdbce7
14:55:45.888 [TestNG-tests-1] TRACE io.netty.channel.nio.NioEventLoop - instrumented a special java.util.Set into: sun.nio.ch.WindowsSelectorImpl@4e72c8f7
14:55:45.889 [TestNG-tests-1] TRACE io.netty.channel.nio.NioEventLoop - instrumented a special java.util.Set into: sun.nio.ch.WindowsSelectorImpl@47516f5a
14:55:45.890 [TestNG-tests-1] TRACE io.netty.channel.nio.NioEventLoop - instrumented a special java.util.Set into: sun.nio.ch.WindowsSelectorImpl@35b73a84
14:55:45.890 [TestNG-tests-1] TRACE io.netty.channel.nio.NioEventLoop - instrumented a special java.util.Set into: sun.nio.ch.WindowsSelectorImpl@2ca8e23e
14:55:45.891 [TestNG-tests-1] TRACE io.netty.channel.nio.NioEventLoop - instrumented a special java.util.Set into: sun.nio.ch.WindowsSelectorImpl@7445b22c
14:55:45.891 [TestNG-tests-1] TRACE io.netty.channel.nio.NioEventLoop - instrumented a special java.util.Set into: sun.nio.ch.WindowsSelectorImpl@38a22841
